2016/10/10 20:22:46 にビルドを開始しました。
     1>ノード 2 上のプロジェクト "C:\Users\user\Desktop\つくばチャレンジ2016\HRIOKART2016\MainSystem\HORIOKART_MainControlSystem\HORIOKART_MainControlSystem\HORIOKART_MainControlSystem.vcxproj" (Build ターゲット)。
     1>ClCompile:
         C:\Program Files (x86)\Microsoft Visual Studio 12.0\VC\bin\CL.exe /c /IC:\ypspur\include /ZI /nologo /W3 /WX- /sdl /Od /Oy- /D WIN32 /D _DEBUG /D _CONSOLE /D _LIB /D _UNICODE /D UNICODE /Gm /EHsc /RTC1 /MDd /GS /fp:precise /Zc:wchar_t /Zc:forScope /Yc"stdafx.h" /Fp"Debug\HORIOKART_MainControlSystem.pch" /Fo"Debug\\" /Fd"Debug\vc120.pdb" /Gd /TP /analyze- /errorReport:prompt stdafx.cpp
         stdafx.cpp
         C:\Program Files (x86)\Microsoft Visual Studio 12.0\VC\bin\CL.exe /c /IC:\ypspur\include /ZI /nologo /W3 /WX- /sdl /Od /Oy- /D WIN32 /D _DEBUG /D _CONSOLE /D _LIB /D _UNICODE /D UNICODE /Gm /EHsc /RTC1 /MDd /GS /fp:precise /Zc:wchar_t /Zc:forScope /Yu"stdafx.h" /Fp"Debug\HORIOKART_MainControlSystem.pch" /Fo"Debug\\" /Fd"Debug\vc120.pdb" /Gd /TP /analyze- /errorReport:prompt detectLoadEdge.cpp DetectObstacle.cpp main.cpp
         main.cpp
     1>c:\ypspur\include\ypparam.h : warning C4819: ファイルは、現在のコード ページ (932) で表示できない文字を含んでいます。データの損失を防ぐために、ファイルを Unicode 形式で保存してください。
         DetectObstacle.cpp
     1>c:\users\user\desktop\つくばチャレンジ2016\hriokart2016\mainsystem\horiokart_maincontrolsystem\horiokart_maincontrolsystem\detectobstacle.cpp(1): fatal error C1010: プリコンパイル ヘッダーを検索中に不明な EOF が見つかりました。'#include "stdafx.h"' をソースに追加しましたか?
         detectLoadEdge.cpp
     1>c:\users\user\desktop\つくばチャレンジ2016\hriokart2016\mainsystem\horiokart_maincontrolsystem\horiokart_maincontrolsystem\detectloadedge.cpp(1): fatal error C1010: プリコンパイル ヘッダーを検索中に不明な EOF が見つかりました。'#include "stdafx.h"' をソースに追加しましたか?
         コードを生成中...
     1>c:\users\user\desktop\つくばチャレンジ2016\hriokart2016\mainsystem\horiokart_maincontrolsystem\horiokart_maincontrolsystem\main.cpp(109): error C4700: 初期化されていないローカル変数 'emergency_time_count' が使用されます
     1>プロジェクト "C:\Users\user\Desktop\つくばチャレンジ2016\HRIOKART2016\MainSystem\HORIOKART_MainControlSystem\HORIOKART_MainControlSystem\HORIOKART_MainControlSystem.vcxproj" (Build ターゲット) のビルドが終了しました -- 失敗。

ビルドに失敗しました。

経過時間 00:00:01.82
